<?xml version="1.0" encoding="UTF-8"?>
<testsuite xmlns:xsi="http://www.w3.org/2001/XMLSchema-instance" xsi:noNamespaceSchemaLocation="https://maven.apache.org/surefire/maven-surefire-plugin/xsd/surefire-test-report.xsd" name="Parallel01IT" time="12.054" tests="11" errors="4" skipped="1" failures="0">
  <properties>
    <property name="gopherProxySet" value="false"/>
    <property name="awt.toolkit" value="sun.lwawt.macosx.LWCToolkit"/>
    <property name="file.encoding.pkg" value="sun.io"/>
    <property name="java.specification.version" value="1.8"/>
    <property name="sun.cpu.isalist" value=""/>
    <property name="sun.jnu.encoding" value="UTF-8"/>
    <property name="java.class.path" value="/Users/prasad/Documents/ID_DOC/CCTandKYCAutomation Projects/AgroStarAssigment/target/test-classes:/Users/prasad/Documents/ID_DOC/CCTandKYCAutomation Projects/AgroStarAssigment/target/classes:/Users/prasad/.m2/repository/info/cukes/cucumber-junit/1.2.5/cucumber-junit-1.2.5.jar:/Users/prasad/.m2/repository/info/cukes/cucumber-core/1.2.5/cucumber-core-1.2.5.jar:/Users/prasad/.m2/repository/info/cukes/cucumber-html/0.2.3/cucumber-html-0.2.3.jar:/Users/prasad/.m2/repository/junit/junit/4.12/junit-4.12.jar:/Users/prasad/.m2/repository/info/cukes/cucumber-java/1.2.5/cucumber-java-1.2.5.jar:/Users/prasad/.m2/repository/info/cukes/cucumber-picocontainer/1.2.5/cucumber-picocontainer-1.2.5.jar:/Users/prasad/.m2/repository/info/cukes/cucumber-jvm-deps/1.0.5/cucumber-jvm-deps-1.0.5.jar:/Users/prasad/.m2/repository/info/cukes/gherkin/2.12.2/gherkin-2.12.2.jar:/Users/prasad/.m2/repository/org/picocontainer/picocontainer/2.15/picocontainer-2.15.jar:/Users/prasad/.m2/repository/com/github/jsurfer/jsurfer-gson/1.4.3/jsurfer-gson-1.4.3.jar:/Users/prasad/.m2/repository/com/google/code/gson/gson/2.8.2/gson-2.8.2.jar:/Users/prasad/.m2/repository/com/github/jsurfer/jsurfer-core/1.4.3/jsurfer-core-1.4.3.jar:/Users/prasad/.m2/repository/org/antlr/antlr4-runtime/4.7.1/antlr4-runtime-4.7.1.jar:/Users/prasad/.m2/repository/com/github/jsurfer/jsurfer-jackson/1.4.3/jsurfer-jackson-1.4.3.jar:/Users/prasad/.m2/repository/com/fasterxml/jackson/core/jackson-databind/2.9.4/jackson-databind-2.9.4.jar:/Users/prasad/.m2/repository/com/fasterxml/jackson/core/jackson-annotations/2.9.0/jackson-annotations-2.9.0.jar:/Users/prasad/.m2/repository/com/fasterxml/jackson/core/jackson-core/2.9.4/jackson-core-2.9.4.jar:/Users/prasad/.m2/repository/com/github/jsurfer/jsurfer-fastjson/1.4.3/jsurfer-fastjson-1.4.3.jar:/Users/prasad/.m2/repository/com/alibaba/fastjson/1.2.46/fastjson-1.2.46.jar:/Users/prasad/.m2/repository/com/github/jsurfer/jsurfer-jsonsimple/1.4.3/jsurfer-jsonsimple-1.4.3.jar:/Users/prasad/.m2/repository/com/googlecode/json-simple/json-simple/1.1.1/json-simple-1.1.1.jar:/Users/prasad/.m2/repository/org/apache/poi/poi/3.17/poi-3.17.jar:/Users/prasad/.m2/repository/org/apache/commons/commons-collections4/4.1/commons-collections4-4.1.jar:/Users/prasad/.m2/repository/org/apache/poi/poi-ooxml/3.17/poi-ooxml-3.17.jar:/Users/prasad/.m2/repository/com/github/virtuald/curvesapi/1.04/curvesapi-1.04.jar:/Users/prasad/.m2/repository/com/squareup/okhttp3/okhttp/3.10.0/okhttp-3.10.0.jar:/Users/prasad/.m2/repository/com/squareup/okio/okio/1.14.0/okio-1.14.0.jar:/Users/prasad/.m2/repository/org/apache/poi/poi-ooxml-schemas/3.17/poi-ooxml-schemas-3.17.jar:/Users/prasad/.m2/repository/org/apache/xmlbeans/xmlbeans/2.6.0/xmlbeans-2.6.0.jar:/Users/prasad/.m2/repository/stax/stax-api/1.0.1/stax-api-1.0.1.jar:/Users/prasad/.m2/repository/commons-io/commons-io/2.4/commons-io-2.4.jar:/Users/prasad/.m2/repository/org/apache/velocity/velocity/1.7/velocity-1.7.jar:/Users/prasad/.m2/repository/commons-collections/commons-collections/3.2.1/commons-collections-3.2.1.jar:/Users/prasad/.m2/repository/commons-lang/commons-lang/2.4/commons-lang-2.4.jar:/Users/prasad/.m2/repository/io/cucumber/gherkin/3.2.0/gherkin-3.2.0.jar:/Users/prasad/.m2/repository/io/cucumber/gherkin-jvm-deps/1.0.4/gherkin-jvm-deps-1.0.4.jar:/Users/prasad/.m2/repository/com/google/guava/guava/19.0/guava-19.0.jar:/Users/prasad/.m2/repository/org/projectlombok/lombok/1.16.10/lombok-1.16.10.jar:/Users/prasad/.m2/repository/org/json/json/20151123/json-20151123.jar:/Users/prasad/.m2/repository/com/jayway/restassured/rest-assured/2.9.0/rest-assured-2.9.0.jar:/Users/prasad/.m2/repository/org/codehaus/groovy/groovy/2.4.4/groovy-2.4.4.jar:/Users/prasad/.m2/repository/org/codehaus/groovy/groovy-xml/2.4.4/groovy-xml-2.4.4.jar:/Users/prasad/.m2/repository/org/apache/httpcomponents/httpclient/4.5.1/httpclient-4.5.1.jar:/Users/prasad/.m2/repository/org/apache/httpcomponents/httpcore/4.4.3/httpcore-4.4.3.jar:/Users/prasad/.m2/repository/commons-logging/commons-logging/1.2/commons-logging-1.2.jar:/Users/prasad/.m2/repository/org/apache/httpcomponents/httpmime/4.5.1/httpmime-4.5.1.jar:/Users/prasad/.m2/repository/org/hamcrest/hamcrest-core/1.3/hamcrest-core-1.3.jar:/Users/prasad/.m2/repository/org/hamcrest/hamcrest-library/1.3/hamcrest-library-1.3.jar:/Users/prasad/.m2/repository/org/ccil/cowan/tagsoup/tagsoup/1.2.1/tagsoup-1.2.1.jar:/Users/prasad/.m2/repository/com/jayway/restassured/json-path/2.9.0/json-path-2.9.0.jar:/Users/prasad/.m2/repository/com/jayway/restassured/rest-assured-common/2.9.0/rest-assured-common-2.9.0.jar:/Users/prasad/.m2/repository/com/jayway/restassured/xml-path/2.9.0/xml-path-2.9.0.jar:/Users/prasad/.m2/repository/org/apache/commons/commons-lang3/3.3.2/commons-lang3-3.3.2.jar:/Users/prasad/.m2/repository/io/rest-assured/json-path/3.0.1/json-path-3.0.1.jar:/Users/prasad/.m2/repository/org/codehaus/groovy/groovy-json/2.4.6/groovy-json-2.4.6.jar:/Users/prasad/.m2/repository/io/rest-assured/rest-assured-common/3.0.1/rest-assured-common-3.0.1.jar:/Users/prasad/.m2/repository/io/appium/java-client/2.1.0/java-client-2.1.0.jar:/Users/prasad/.m2/repository/org/seleniumhq/selenium/selenium-java/2.43.1/selenium-java-2.43.1.jar:/Users/prasad/.m2/repository/org/seleniumhq/selenium/selenium-chrome-driver/2.43.1/selenium-chrome-driver-2.43.1.jar:/Users/prasad/.m2/repository/org/seleniumhq/selenium/selenium-remote-driver/2.43.1/selenium-remote-driver-2.43.1.jar:/Users/prasad/.m2/repository/cglib/cglib-nodep/2.1_3/cglib-nodep-2.1_3.jar:/Users/prasad/.m2/repository/org/seleniumhq/selenium/selenium-api/2.43.1/selenium-api-2.43.1.jar:/Users/prasad/.m2/repository/org/seleniumhq/selenium/selenium-htmlunit-driver/2.43.1/selenium-htmlunit-driver-2.43.1.jar:/Users/prasad/.m2/repository/net/sourceforge/htmlunit/htmlunit/2.15/htmlunit-2.15.jar:/Users/prasad/.m2/repository/xalan/xalan/2.7.1/xalan-2.7.1.jar:/Users/prasad/.m2/repository/xalan/serializer/2.7.1/serializer-2.7.1.jar:/Users/prasad/.m2/repository/net/sourceforge/htmlunit/htmlunit-core-js/2.15/htmlunit-core-js-2.15.jar:/Users/prasad/.m2/repository/xerces/xercesImpl/2.11.0/xercesImpl-2.11.0.jar:/Users/prasad/.m2/repository/xml-apis/xml-apis/1.4.01/xml-apis-1.4.01.jar:/Users/prasad/.m2/repository/net/sourceforge/nekohtml/nekohtml/1.9.21/nekohtml-1.9.21.jar:/Users/prasad/.m2/repository/net/sourceforge/cssparser/cssparser/0.9.14/cssparser-0.9.14.jar:/Users/prasad/.m2/repository/org/w3c/css/sac/1.3/sac-1.3.jar:/Users/prasad/.m2/repository/org/eclipse/jetty/jetty-websocket/8.1.15.v20140411/jetty-websocket-8.1.15.v20140411.jar:/Users/prasad/.m2/repository/org/eclipse/jetty/jetty-util/8.1.15.v20140411/jetty-util-8.1.15.v20140411.jar:/Users/prasad/.m2/repository/org/eclipse/jetty/jetty-io/8.1.15.v20140411/jetty-io-8.1.15.v20140411.jar:/Users/prasad/.m2/repository/org/eclipse/jetty/jetty-http/8.1.15.v20140411/jetty-http-8.1.15.v20140411.jar:/Users/prasad/.m2/repository/org/seleniumhq/selenium/selenium-firefox-driver/2.43.1/selenium-firefox-driver-2.43.1.jar:/Users/prasad/.m2/repository/org/apache/commons/commons-exec/1.1/commons-exec-1.1.jar:/Users/prasad/.m2/repository/org/seleniumhq/selenium/selenium-ie-driver/2.43.1/selenium-ie-driver-2.43.1.jar:/Users/prasad/.m2/repository/net/java/dev/jna/jna/3.4.0/jna-3.4.0.jar:/Users/prasad/.m2/repository/net/java/dev/jna/platform/3.4.0/platform-3.4.0.jar:/Users/prasad/.m2/repository/org/seleniumhq/selenium/selenium-safari-driver/2.43.1/selenium-safari-driver-2.43.1.jar:/Users/prasad/.m2/repository/org/seleniumhq/selenium/selenium-support/2.43.1/selenium-support-2.43.1.jar:/Users/prasad/.m2/repository/org/webbitserver/webbit/0.4.15/webbit-0.4.15.jar:/Users/prasad/.m2/repository/io/netty/netty/3.5.5.Final/netty-3.5.5.Final.jar:/Users/prasad/.m2/repository/cglib/cglib/3.1/cglib-3.1.jar:/Users/prasad/.m2/repository/org/ow2/asm/asm/4.2/asm-4.2.jar:/Users/prasad/.m2/repository/log4j/log4j/1.2.17/log4j-1.2.17.jar:/Users/prasad/.m2/repository/org/slf4j/jcl-over-slf4j/1.7.25/jcl-over-slf4j-1.7.25.jar:/Users/prasad/.m2/repository/org/slf4j/slf4j-api/1.7.25/slf4j-api-1.7.25.jar:/Users/prasad/.m2/repository/org/slf4j/slf4j-log4j12/1.7.25/slf4j-log4j12-1.7.25.jar:/Users/prasad/.m2/repository/com/sun/jersey/jersey-client/1.8/jersey-client-1.8.jar:/Users/prasad/.m2/repository/com/sun/jersey/jersey-core/1.8/jersey-core-1.8.jar:/Users/prasad/.m2/repository/org/codehaus/jackson/jackson-mapper-asl/1.9.13/jackson-mapper-asl-1.9.13.jar:/Users/prasad/.m2/repository/org/codehaus/jackson/jackson-core-asl/1.9.13/jackson-core-asl-1.9.13.jar:/Users/prasad/.m2/repository/com/jayway/jsonpath/json-path/2.2.0/json-path-2.2.0.jar:/Users/prasad/.m2/repository/net/minidev/json-smart/2.2.1/json-smart-2.2.1.jar:/Users/prasad/.m2/repository/net/minidev/accessors-smart/1.1/accessors-smart-1.1.jar:/Users/prasad/.m2/repository/commons-codec/commons-codec/1.4/commons-codec-1.4.jar:resources:"/>
    <property name="java.vm.vendor" value="Oracle Corporation"/>
    <property name="sun.arch.data.model" value="64"/>
    <property name="java.vendor.url" value="http://java.oracle.com/"/>
    <property name="user.timezone" value=""/>
    <property name="java.vm.specification.version" value="1.8"/>
    <property name="os.name" value="Mac OS X"/>
    <property name="user.country" value="GB"/>
    <property name="sun.java.launcher" value="SUN_STANDARD"/>
    <property name="sun.boot.library.path" value="/Library/Java/JavaVirtualMachines/jdk1.8.0_101.jdk/Contents/Home/jre/lib"/>
    <property name="sun.java.command" value="/Users/prasad/Documents/ID_DOC/CCTandKYCAutomation Projects/AgroStarAssigment/target/surefire/surefirebooter7629316642343877644.jar /Users/prasad/Documents/ID_DOC/CCTandKYCAutomation Projects/AgroStarAssigment/target/surefire 2019-08-05T11-06-34_877-jvmRun1 surefire3652868407113041162tmp surefire_04997656172607241431tmp"/>
    <property name="http.nonProxyHosts" value="local|*.local|169.254/16|*.169.254/16"/>
    <property name="surefire.test.class.path" value="/Users/prasad/Documents/ID_DOC/CCTandKYCAutomation Projects/AgroStarAssigment/target/test-classes:/Users/prasad/Documents/ID_DOC/CCTandKYCAutomation Projects/AgroStarAssigment/target/classes:/Users/prasad/.m2/repository/info/cukes/cucumber-junit/1.2.5/cucumber-junit-1.2.5.jar:/Users/prasad/.m2/repository/info/cukes/cucumber-core/1.2.5/cucumber-core-1.2.5.jar:/Users/prasad/.m2/repository/info/cukes/cucumber-html/0.2.3/cucumber-html-0.2.3.jar:/Users/prasad/.m2/repository/junit/junit/4.12/junit-4.12.jar:/Users/prasad/.m2/repository/info/cukes/cucumber-java/1.2.5/cucumber-java-1.2.5.jar:/Users/prasad/.m2/repository/info/cukes/cucumber-picocontainer/1.2.5/cucumber-picocontainer-1.2.5.jar:/Users/prasad/.m2/repository/info/cukes/cucumber-jvm-deps/1.0.5/cucumber-jvm-deps-1.0.5.jar:/Users/prasad/.m2/repository/info/cukes/gherkin/2.12.2/gherkin-2.12.2.jar:/Users/prasad/.m2/repository/org/picocontainer/picocontainer/2.15/picocontainer-2.15.jar:/Users/prasad/.m2/repository/com/github/jsurfer/jsurfer-gson/1.4.3/jsurfer-gson-1.4.3.jar:/Users/prasad/.m2/repository/com/google/code/gson/gson/2.8.2/gson-2.8.2.jar:/Users/prasad/.m2/repository/com/github/jsurfer/jsurfer-core/1.4.3/jsurfer-core-1.4.3.jar:/Users/prasad/.m2/repository/org/antlr/antlr4-runtime/4.7.1/antlr4-runtime-4.7.1.jar:/Users/prasad/.m2/repository/com/github/jsurfer/jsurfer-jackson/1.4.3/jsurfer-jackson-1.4.3.jar:/Users/prasad/.m2/repository/com/fasterxml/jackson/core/jackson-databind/2.9.4/jackson-databind-2.9.4.jar:/Users/prasad/.m2/repository/com/fasterxml/jackson/core/jackson-annotations/2.9.0/jackson-annotations-2.9.0.jar:/Users/prasad/.m2/repository/com/fasterxml/jackson/core/jackson-core/2.9.4/jackson-core-2.9.4.jar:/Users/prasad/.m2/repository/com/github/jsurfer/jsurfer-fastjson/1.4.3/jsurfer-fastjson-1.4.3.jar:/Users/prasad/.m2/repository/com/alibaba/fastjson/1.2.46/fastjson-1.2.46.jar:/Users/prasad/.m2/repository/com/github/jsurfer/jsurfer-jsonsimple/1.4.3/jsurfer-jsonsimple-1.4.3.jar:/Users/prasad/.m2/repository/com/googlecode/json-simple/json-simple/1.1.1/json-simple-1.1.1.jar:/Users/prasad/.m2/repository/org/apache/poi/poi/3.17/poi-3.17.jar:/Users/prasad/.m2/repository/org/apache/commons/commons-collections4/4.1/commons-collections4-4.1.jar:/Users/prasad/.m2/repository/org/apache/poi/poi-ooxml/3.17/poi-ooxml-3.17.jar:/Users/prasad/.m2/repository/com/github/virtuald/curvesapi/1.04/curvesapi-1.04.jar:/Users/prasad/.m2/repository/com/squareup/okhttp3/okhttp/3.10.0/okhttp-3.10.0.jar:/Users/prasad/.m2/repository/com/squareup/okio/okio/1.14.0/okio-1.14.0.jar:/Users/prasad/.m2/repository/org/apache/poi/poi-ooxml-schemas/3.17/poi-ooxml-schemas-3.17.jar:/Users/prasad/.m2/repository/org/apache/xmlbeans/xmlbeans/2.6.0/xmlbeans-2.6.0.jar:/Users/prasad/.m2/repository/stax/stax-api/1.0.1/stax-api-1.0.1.jar:/Users/prasad/.m2/repository/commons-io/commons-io/2.4/commons-io-2.4.jar:/Users/prasad/.m2/repository/org/apache/velocity/velocity/1.7/velocity-1.7.jar:/Users/prasad/.m2/repository/commons-collections/commons-collections/3.2.1/commons-collections-3.2.1.jar:/Users/prasad/.m2/repository/commons-lang/commons-lang/2.4/commons-lang-2.4.jar:/Users/prasad/.m2/repository/io/cucumber/gherkin/3.2.0/gherkin-3.2.0.jar:/Users/prasad/.m2/repository/io/cucumber/gherkin-jvm-deps/1.0.4/gherkin-jvm-deps-1.0.4.jar:/Users/prasad/.m2/repository/com/google/guava/guava/19.0/guava-19.0.jar:/Users/prasad/.m2/repository/org/projectlombok/lombok/1.16.10/lombok-1.16.10.jar:/Users/prasad/.m2/repository/org/json/json/20151123/json-20151123.jar:/Users/prasad/.m2/repository/com/jayway/restassured/rest-assured/2.9.0/rest-assured-2.9.0.jar:/Users/prasad/.m2/repository/org/codehaus/groovy/groovy/2.4.4/groovy-2.4.4.jar:/Users/prasad/.m2/repository/org/codehaus/groovy/groovy-xml/2.4.4/groovy-xml-2.4.4.jar:/Users/prasad/.m2/repository/org/apache/httpcomponents/httpclient/4.5.1/httpclient-4.5.1.jar:/Users/prasad/.m2/repository/org/apache/httpcomponents/httpcore/4.4.3/httpcore-4.4.3.jar:/Users/prasad/.m2/repository/commons-logging/commons-logging/1.2/commons-logging-1.2.jar:/Users/prasad/.m2/repository/org/apache/httpcomponents/httpmime/4.5.1/httpmime-4.5.1.jar:/Users/prasad/.m2/repository/org/hamcrest/hamcrest-core/1.3/hamcrest-core-1.3.jar:/Users/prasad/.m2/repository/org/hamcrest/hamcrest-library/1.3/hamcrest-library-1.3.jar:/Users/prasad/.m2/repository/org/ccil/cowan/tagsoup/tagsoup/1.2.1/tagsoup-1.2.1.jar:/Users/prasad/.m2/repository/com/jayway/restassured/json-path/2.9.0/json-path-2.9.0.jar:/Users/prasad/.m2/repository/com/jayway/restassured/rest-assured-common/2.9.0/rest-assured-common-2.9.0.jar:/Users/prasad/.m2/repository/com/jayway/restassured/xml-path/2.9.0/xml-path-2.9.0.jar:/Users/prasad/.m2/repository/org/apache/commons/commons-lang3/3.3.2/commons-lang3-3.3.2.jar:/Users/prasad/.m2/repository/io/rest-assured/json-path/3.0.1/json-path-3.0.1.jar:/Users/prasad/.m2/repository/org/codehaus/groovy/groovy-json/2.4.6/groovy-json-2.4.6.jar:/Users/prasad/.m2/repository/io/rest-assured/rest-assured-common/3.0.1/rest-assured-common-3.0.1.jar:/Users/prasad/.m2/repository/io/appium/java-client/2.1.0/java-client-2.1.0.jar:/Users/prasad/.m2/repository/org/seleniumhq/selenium/selenium-java/2.43.1/selenium-java-2.43.1.jar:/Users/prasad/.m2/repository/org/seleniumhq/selenium/selenium-chrome-driver/2.43.1/selenium-chrome-driver-2.43.1.jar:/Users/prasad/.m2/repository/org/seleniumhq/selenium/selenium-remote-driver/2.43.1/selenium-remote-driver-2.43.1.jar:/Users/prasad/.m2/repository/cglib/cglib-nodep/2.1_3/cglib-nodep-2.1_3.jar:/Users/prasad/.m2/repository/org/seleniumhq/selenium/selenium-api/2.43.1/selenium-api-2.43.1.jar:/Users/prasad/.m2/repository/org/seleniumhq/selenium/selenium-htmlunit-driver/2.43.1/selenium-htmlunit-driver-2.43.1.jar:/Users/prasad/.m2/repository/net/sourceforge/htmlunit/htmlunit/2.15/htmlunit-2.15.jar:/Users/prasad/.m2/repository/xalan/xalan/2.7.1/xalan-2.7.1.jar:/Users/prasad/.m2/repository/xalan/serializer/2.7.1/serializer-2.7.1.jar:/Users/prasad/.m2/repository/net/sourceforge/htmlunit/htmlunit-core-js/2.15/htmlunit-core-js-2.15.jar:/Users/prasad/.m2/repository/xerces/xercesImpl/2.11.0/xercesImpl-2.11.0.jar:/Users/prasad/.m2/repository/xml-apis/xml-apis/1.4.01/xml-apis-1.4.01.jar:/Users/prasad/.m2/repository/net/sourceforge/nekohtml/nekohtml/1.9.21/nekohtml-1.9.21.jar:/Users/prasad/.m2/repository/net/sourceforge/cssparser/cssparser/0.9.14/cssparser-0.9.14.jar:/Users/prasad/.m2/repository/org/w3c/css/sac/1.3/sac-1.3.jar:/Users/prasad/.m2/repository/org/eclipse/jetty/jetty-websocket/8.1.15.v20140411/jetty-websocket-8.1.15.v20140411.jar:/Users/prasad/.m2/repository/org/eclipse/jetty/jetty-util/8.1.15.v20140411/jetty-util-8.1.15.v20140411.jar:/Users/prasad/.m2/repository/org/eclipse/jetty/jetty-io/8.1.15.v20140411/jetty-io-8.1.15.v20140411.jar:/Users/prasad/.m2/repository/org/eclipse/jetty/jetty-http/8.1.15.v20140411/jetty-http-8.1.15.v20140411.jar:/Users/prasad/.m2/repository/org/seleniumhq/selenium/selenium-firefox-driver/2.43.1/selenium-firefox-driver-2.43.1.jar:/Users/prasad/.m2/repository/org/apache/commons/commons-exec/1.1/commons-exec-1.1.jar:/Users/prasad/.m2/repository/org/seleniumhq/selenium/selenium-ie-driver/2.43.1/selenium-ie-driver-2.43.1.jar:/Users/prasad/.m2/repository/net/java/dev/jna/jna/3.4.0/jna-3.4.0.jar:/Users/prasad/.m2/repository/net/java/dev/jna/platform/3.4.0/platform-3.4.0.jar:/Users/prasad/.m2/repository/org/seleniumhq/selenium/selenium-safari-driver/2.43.1/selenium-safari-driver-2.43.1.jar:/Users/prasad/.m2/repository/org/seleniumhq/selenium/selenium-support/2.43.1/selenium-support-2.43.1.jar:/Users/prasad/.m2/repository/org/webbitserver/webbit/0.4.15/webbit-0.4.15.jar:/Users/prasad/.m2/repository/io/netty/netty/3.5.5.Final/netty-3.5.5.Final.jar:/Users/prasad/.m2/repository/cglib/cglib/3.1/cglib-3.1.jar:/Users/prasad/.m2/repository/org/ow2/asm/asm/4.2/asm-4.2.jar:/Users/prasad/.m2/repository/log4j/log4j/1.2.17/log4j-1.2.17.jar:/Users/prasad/.m2/repository/org/slf4j/jcl-over-slf4j/1.7.25/jcl-over-slf4j-1.7.25.jar:/Users/prasad/.m2/repository/org/slf4j/slf4j-api/1.7.25/slf4j-api-1.7.25.jar:/Users/prasad/.m2/repository/org/slf4j/slf4j-log4j12/1.7.25/slf4j-log4j12-1.7.25.jar:/Users/prasad/.m2/repository/com/sun/jersey/jersey-client/1.8/jersey-client-1.8.jar:/Users/prasad/.m2/repository/com/sun/jersey/jersey-core/1.8/jersey-core-1.8.jar:/Users/prasad/.m2/repository/org/codehaus/jackson/jackson-mapper-asl/1.9.13/jackson-mapper-asl-1.9.13.jar:/Users/prasad/.m2/repository/org/codehaus/jackson/jackson-core-asl/1.9.13/jackson-core-asl-1.9.13.jar:/Users/prasad/.m2/repository/com/jayway/jsonpath/json-path/2.2.0/json-path-2.2.0.jar:/Users/prasad/.m2/repository/net/minidev/json-smart/2.2.1/json-smart-2.2.1.jar:/Users/prasad/.m2/repository/net/minidev/accessors-smart/1.1/accessors-smart-1.1.jar:/Users/prasad/.m2/repository/commons-codec/commons-codec/1.4/commons-codec-1.4.jar:resources:"/>
    <property name="sun.cpu.endian" value="little"/>
    <property name="user.home" value="/Users/prasad"/>
    <property name="user.language" value="en"/>
    <property name="java.specification.vendor" value="Oracle Corporation"/>
    <property name="java.home" value="/Library/Java/JavaVirtualMachines/jdk1.8.0_101.jdk/Contents/Home/jre"/>
    <property name="tags" value="@UiTest"/>
    <property name="basedir" value="/Users/prasad/Documents/ID_DOC/CCTandKYCAutomation Projects/AgroStarAssigment"/>
    <property name="file.separator" value="/"/>
    <property name="line.separator" value="&#10;"/>
    <property name="java.vm.specification.vendor" value="Oracle Corporation"/>
    <property name="java.specification.name" value="Java Platform API Specification"/>
    <property name="java.awt.graphicsenv" value="sun.awt.CGraphicsEnvironment"/>
    <property name="surefire.real.class.path" value="/Users/prasad/Documents/ID_DOC/CCTandKYCAutomation Projects/AgroStarAssigment/target/surefire/surefirebooter7629316642343877644.jar"/>
    <property name="sun.boot.class.path" value="/Library/Java/JavaVirtualMachines/jdk1.8.0_101.jdk/Contents/Home/jre/lib/resources.jar:/Library/Java/JavaVirtualMachines/jdk1.8.0_101.jdk/Contents/Home/jre/lib/rt.jar:/Library/Java/JavaVirtualMachines/jdk1.8.0_101.jdk/Contents/Home/jre/lib/sunrsasign.jar:/Library/Java/JavaVirtualMachines/jdk1.8.0_101.jdk/Contents/Home/jre/lib/jsse.jar:/Library/Java/JavaVirtualMachines/jdk1.8.0_101.jdk/Contents/Home/jre/lib/jce.jar:/Library/Java/JavaVirtualMachines/jdk1.8.0_101.jdk/Contents/Home/jre/lib/charsets.jar:/Library/Java/JavaVirtualMachines/jdk1.8.0_101.jdk/Contents/Home/jre/lib/jfr.jar:/Library/Java/JavaVirtualMachines/jdk1.8.0_101.jdk/Contents/Home/jre/classes"/>
    <property name="sun.management.compiler" value="HotSpot 64-Bit Tiered Compilers"/>
    <property name="ftp.nonProxyHosts" value="local|*.local|169.254/16|*.169.254/16"/>
    <property name="java.runtime.version" value="1.8.0_101-b13"/>
    <property name="user.name" value="prasad"/>
    <property name="path.separator" value=":"/>
    <property name="os.version" value="10.13.4"/>
    <property name="java.endorsed.dirs" value="/Library/Java/JavaVirtualMachines/jdk1.8.0_101.jdk/Contents/Home/jre/lib/endorsed"/>
    <property name="java.runtime.name" value="Java(TM) SE Runtime Environment"/>
    <property name="file.encoding" value="UTF-8"/>
    <property name="java.vm.name" value="Java HotSpot(TM) 64-Bit Server VM"/>
    <property name="localRepository" value="/Users/prasad/.m2/repository"/>
    <property name="java.vendor.url.bug" value="http://bugreport.sun.com/bugreport/"/>
    <property name="java.io.tmpdir" value="/var/folders/2n/f356hh595rg06z9nwzgfqhj00000gn/T/"/>
    <property name="java.version" value="1.8.0_101"/>
    <property name="user.dir" value="/Users/prasad/Documents/ID_DOC/CCTandKYCAutomation Projects/AgroStarAssigment"/>
    <property name="os.arch" value="x86_64"/>
    <property name="java.vm.specification.name" value="Java Virtual Machine Specification"/>
    <property name="java.awt.printerjob" value="sun.lwawt.macosx.CPrinterJob"/>
    <property name="sun.os.patch.level" value="unknown"/>
    <property name="java.library.path" value="/Users/prasad/Library/Java/Extensions:/Library/Java/Extensions:/Network/Library/Java/Extensions:/System/Library/Java/Extensions:/usr/lib/java:."/>
    <property name="java.vm.info" value="mixed mode"/>
    <property name="java.vendor" value="Oracle Corporation"/>
    <property name="java.vm.version" value="25.101-b13"/>
    <property name="java.ext.dirs" value="/Users/prasad/Library/Java/Extensions:/Library/Java/JavaVirtualMachines/jdk1.8.0_101.jdk/Contents/Home/jre/lib/ext:/Library/Java/Extensions:/Network/Library/Java/Extensions:/System/Library/Java/Extensions:/usr/lib/java"/>
    <property name="sun.io.unicode.encoding" value="UnicodeBig"/>
    <property name="java.class.version" value="52.0"/>
    <property name="socksNonProxyHosts" value="local|*.local|169.254/16|*.169.254/16"/>
  </properties>
  <testcase name="Given Open browser with git url" classname="Scenario: Serach top 5 repository" time="0.001"/>
  <testcase name="When signIn in git" classname="Scenario: Serach top 5 repository" time="0"/>
  <testcase name="Then git page should be displayed" classname="Scenario: Serach top 5 repository" time="0"/>
  <testcase name="Then Search top repo of &quot;java&quot; langauge" classname="Scenario: Serach top 5 repository" time="0.005">
    <error message="no such element: Unable to locate element: {&quot;method&quot;:&quot;name&quot;,&quot;selector&quot;:&quot;q&quot;}&#10;  (Session info: chrome=76.0.3809.87)&#10;  (Driver info: chromedriver=2.41.578706 (5f725d1b4f0a4acbf5259df887244095596231db),platform=Mac OS X 10.13.4 x86_64) (WARNING: The server did not provide any stacktrace information)&#10;Command duration or timeout: 13 milliseconds&#10;For documentation on this error, please visit: http://seleniumhq.org/exceptions/no_such_element.html&#10;Build info: version: &apos;2.43.1&apos;, revision: &apos;5163bceef1bc36d43f3dc0b83c88998168a363a0&apos;, time: &apos;2014-09-10 09:43:55&apos;&#10;System info: host: &apos;Ranajit&apos;, ip: &apos;192.168.43.241&apos;, os.name: &apos;Mac OS X&apos;, os.arch: &apos;x86_64&apos;, os.version: &apos;10.13.4&apos;, java.version: &apos;1.8.0_101&apos;&#10;Driver info: org.openqa.selenium.chrome.ChromeDriver&#10;Capabilities [{mobileEmulationEnabled=false, hasTouchScreen=false, platform=MAC, acceptSslCerts=false, goog:chromeOptions={debuggerAddress=localhost:55643}, acceptInsecureCerts=false, webStorageEnabled=true, browserName=chrome, takesScreenshot=true, javascriptEnabled=true, setWindowRect=true, unexpectedAlertBehaviour=, applicationCacheEnabled=false, rotatable=false, networkConnectionEnabled=false, chrome={chromedriverVersion=2.41.578706 (5f725d1b4f0a4acbf5259df887244095596231db), userDataDir=/var/folders/2n/f356hh595rg06z9nwzgfqhj00000gn/T/.org.chromium.Chromium.FynLpV}, takesHeapSnapshot=true, pageLoadStrategy=normal, databaseEnabled=false, handlesAlerts=true, version=76.0.3809.87, browserConnectionEnabled=false, nativeEvents=true, locationContextEnabled=true, cssSelectorsEnabled=true}]&#10;Session ID: f32a0a876a84b07491025ee4e4b7dbba" type="org.openqa.selenium.NoSuchElementException">org.openqa.selenium.NoSuchElementException: 
no such element: Unable to locate element: {"method":"name","selector":"q"}
  (Session info: chrome=76.0.3809.87)
  (Driver info: chromedriver=2.41.578706 (5f725d1b4f0a4acbf5259df887244095596231db),platform=Mac OS X 10.13.4 x86_64) (WARNING: The server did not provide any stacktrace information)
Command duration or timeout: 13 milliseconds
For documentation on this error, please visit: http://seleniumhq.org/exceptions/no_such_element.html
Build info: version: '2.43.1', revision: '5163bceef1bc36d43f3dc0b83c88998168a363a0', time: '2014-09-10 09:43:55'
System info: host: 'Ranajit', ip: '192.168.43.241', os.name: 'Mac OS X', os.arch: 'x86_64', os.version: '10.13.4', java.version: '1.8.0_101'
Driver info: org.openqa.selenium.chrome.ChromeDriver
Capabilities [{mobileEmulationEnabled=false, hasTouchScreen=false, platform=MAC, acceptSslCerts=false, goog:chromeOptions={debuggerAddress=localhost:55643}, acceptInsecureCerts=false, webStorageEnabled=true, browserName=chrome, takesScreenshot=true, javascriptEnabled=true, setWindowRect=true, unexpectedAlertBehaviour=, applicationCacheEnabled=false, rotatable=false, networkConnectionEnabled=false, chrome={chromedriverVersion=2.41.578706 (5f725d1b4f0a4acbf5259df887244095596231db), userDataDir=/var/folders/2n/f356hh595rg06z9nwzgfqhj00000gn/T/.org.chromium.Chromium.FynLpV}, takesHeapSnapshot=true, pageLoadStrategy=normal, databaseEnabled=false, handlesAlerts=true, version=76.0.3809.87, browserConnectionEnabled=false, nativeEvents=true, locationContextEnabled=true, cssSelectorsEnabled=true}]
Session ID: f32a0a876a84b07491025ee4e4b7dbba
</error>
  </testcase>
  <testcase name="Scenario: Serach top 5 repository" classname="Scenario: Serach top 5 repository" time="0.006">
    <error message="no such element: Unable to locate element: {&quot;method&quot;:&quot;name&quot;,&quot;selector&quot;:&quot;q&quot;}&#10;  (Session info: chrome=76.0.3809.87)&#10;  (Driver info: chromedriver=2.41.578706 (5f725d1b4f0a4acbf5259df887244095596231db),platform=Mac OS X 10.13.4 x86_64) (WARNING: The server did not provide any stacktrace information)&#10;Command duration or timeout: 13 milliseconds&#10;For documentation on this error, please visit: http://seleniumhq.org/exceptions/no_such_element.html&#10;Build info: version: &apos;2.43.1&apos;, revision: &apos;5163bceef1bc36d43f3dc0b83c88998168a363a0&apos;, time: &apos;2014-09-10 09:43:55&apos;&#10;System info: host: &apos;Ranajit&apos;, ip: &apos;192.168.43.241&apos;, os.name: &apos;Mac OS X&apos;, os.arch: &apos;x86_64&apos;, os.version: &apos;10.13.4&apos;, java.version: &apos;1.8.0_101&apos;&#10;Driver info: org.openqa.selenium.chrome.ChromeDriver&#10;Capabilities [{mobileEmulationEnabled=false, hasTouchScreen=false, platform=MAC, acceptSslCerts=false, goog:chromeOptions={debuggerAddress=localhost:55643}, acceptInsecureCerts=false, webStorageEnabled=true, browserName=chrome, takesScreenshot=true, javascriptEnabled=true, setWindowRect=true, unexpectedAlertBehaviour=, applicationCacheEnabled=false, rotatable=false, networkConnectionEnabled=false, chrome={chromedriverVersion=2.41.578706 (5f725d1b4f0a4acbf5259df887244095596231db), userDataDir=/var/folders/2n/f356hh595rg06z9nwzgfqhj00000gn/T/.org.chromium.Chromium.FynLpV}, takesHeapSnapshot=true, pageLoadStrategy=normal, databaseEnabled=false, handlesAlerts=true, version=76.0.3809.87, browserConnectionEnabled=false, nativeEvents=true, locationContextEnabled=true, cssSelectorsEnabled=true}]&#10;Session ID: f32a0a876a84b07491025ee4e4b7dbba" type="org.openqa.selenium.NoSuchElementException">org.openqa.selenium.NoSuchElementException: 
no such element: Unable to locate element: {"method":"name","selector":"q"}
  (Session info: chrome=76.0.3809.87)
  (Driver info: chromedriver=2.41.578706 (5f725d1b4f0a4acbf5259df887244095596231db),platform=Mac OS X 10.13.4 x86_64) (WARNING: The server did not provide any stacktrace information)
Command duration or timeout: 13 milliseconds
For documentation on this error, please visit: http://seleniumhq.org/exceptions/no_such_element.html
Build info: version: '2.43.1', revision: '5163bceef1bc36d43f3dc0b83c88998168a363a0', time: '2014-09-10 09:43:55'
System info: host: 'Ranajit', ip: '192.168.43.241', os.name: 'Mac OS X', os.arch: 'x86_64', os.version: '10.13.4', java.version: '1.8.0_101'
Driver info: org.openqa.selenium.chrome.ChromeDriver
Capabilities [{mobileEmulationEnabled=false, hasTouchScreen=false, platform=MAC, acceptSslCerts=false, goog:chromeOptions={debuggerAddress=localhost:55643}, acceptInsecureCerts=false, webStorageEnabled=true, browserName=chrome, takesScreenshot=true, javascriptEnabled=true, setWindowRect=true, unexpectedAlertBehaviour=, applicationCacheEnabled=false, rotatable=false, networkConnectionEnabled=false, chrome={chromedriverVersion=2.41.578706 (5f725d1b4f0a4acbf5259df887244095596231db), userDataDir=/var/folders/2n/f356hh595rg06z9nwzgfqhj00000gn/T/.org.chromium.Chromium.FynLpV}, takesHeapSnapshot=true, pageLoadStrategy=normal, databaseEnabled=false, handlesAlerts=true, version=76.0.3809.87, browserConnectionEnabled=false, nativeEvents=true, locationContextEnabled=true, cssSelectorsEnabled=true}]
Session ID: f32a0a876a84b07491025ee4e4b7dbba
</error>
  </testcase>
  <testcase name="Given Open browser with git url" classname="Scenario: Fork to all repo" time="0"/>
  <testcase name="When signIn in git" classname="Scenario: Fork to all repo" time="0"/>
  <testcase name="Then git page should be displayed" classname="Scenario: Fork to all repo" time="0"/>
  <testcase name="Then Search top repo of &quot;java&quot; langauge" classname="Scenario: Fork to all repo" time="0.003">
    <error message="no such element: Unable to locate element: {&quot;method&quot;:&quot;name&quot;,&quot;selector&quot;:&quot;q&quot;}&#10;  (Session info: chrome=76.0.3809.87)&#10;  (Driver info: chromedriver=2.41.578706 (5f725d1b4f0a4acbf5259df887244095596231db),platform=Mac OS X 10.13.4 x86_64) (WARNING: The server did not provide any stacktrace information)&#10;Command duration or timeout: 12 milliseconds&#10;For documentation on this error, please visit: http://seleniumhq.org/exceptions/no_such_element.html&#10;Build info: version: &apos;2.43.1&apos;, revision: &apos;5163bceef1bc36d43f3dc0b83c88998168a363a0&apos;, time: &apos;2014-09-10 09:43:55&apos;&#10;System info: host: &apos;Ranajit&apos;, ip: &apos;192.168.43.241&apos;, os.name: &apos;Mac OS X&apos;, os.arch: &apos;x86_64&apos;, os.version: &apos;10.13.4&apos;, java.version: &apos;1.8.0_101&apos;&#10;Driver info: org.openqa.selenium.chrome.ChromeDriver&#10;Capabilities [{mobileEmulationEnabled=false, hasTouchScreen=false, platform=MAC, acceptSslCerts=false, goog:chromeOptions={debuggerAddress=localhost:55673}, acceptInsecureCerts=false, webStorageEnabled=true, browserName=chrome, takesScreenshot=true, javascriptEnabled=true, setWindowRect=true, unexpectedAlertBehaviour=, applicationCacheEnabled=false, rotatable=false, networkConnectionEnabled=false, chrome={chromedriverVersion=2.41.578706 (5f725d1b4f0a4acbf5259df887244095596231db), userDataDir=/var/folders/2n/f356hh595rg06z9nwzgfqhj00000gn/T/.org.chromium.Chromium.Kugu3c}, takesHeapSnapshot=true, pageLoadStrategy=normal, databaseEnabled=false, handlesAlerts=true, version=76.0.3809.87, browserConnectionEnabled=false, nativeEvents=true, locationContextEnabled=true, cssSelectorsEnabled=true}]&#10;Session ID: ec373f428de0bf5d4889712129dfe418" type="org.openqa.selenium.NoSuchElementException">org.openqa.selenium.NoSuchElementException: 
no such element: Unable to locate element: {"method":"name","selector":"q"}
  (Session info: chrome=76.0.3809.87)
  (Driver info: chromedriver=2.41.578706 (5f725d1b4f0a4acbf5259df887244095596231db),platform=Mac OS X 10.13.4 x86_64) (WARNING: The server did not provide any stacktrace information)
Command duration or timeout: 12 milliseconds
For documentation on this error, please visit: http://seleniumhq.org/exceptions/no_such_element.html
Build info: version: '2.43.1', revision: '5163bceef1bc36d43f3dc0b83c88998168a363a0', time: '2014-09-10 09:43:55'
System info: host: 'Ranajit', ip: '192.168.43.241', os.name: 'Mac OS X', os.arch: 'x86_64', os.version: '10.13.4', java.version: '1.8.0_101'
Driver info: org.openqa.selenium.chrome.ChromeDriver
Capabilities [{mobileEmulationEnabled=false, hasTouchScreen=false, platform=MAC, acceptSslCerts=false, goog:chromeOptions={debuggerAddress=localhost:55673}, acceptInsecureCerts=false, webStorageEnabled=true, browserName=chrome, takesScreenshot=true, javascriptEnabled=true, setWindowRect=true, unexpectedAlertBehaviour=, applicationCacheEnabled=false, rotatable=false, networkConnectionEnabled=false, chrome={chromedriverVersion=2.41.578706 (5f725d1b4f0a4acbf5259df887244095596231db), userDataDir=/var/folders/2n/f356hh595rg06z9nwzgfqhj00000gn/T/.org.chromium.Chromium.Kugu3c}, takesHeapSnapshot=true, pageLoadStrategy=normal, databaseEnabled=false, handlesAlerts=true, version=76.0.3809.87, browserConnectionEnabled=false, nativeEvents=true, locationContextEnabled=true, cssSelectorsEnabled=true}]
Session ID: ec373f428de0bf5d4889712129dfe418
</error>
  </testcase>
  <testcase name="Scenario: Fork to all repo" classname="Scenario: Fork to all repo" time="0.004">
    <error message="no such element: Unable to locate element: {&quot;method&quot;:&quot;name&quot;,&quot;selector&quot;:&quot;q&quot;}&#10;  (Session info: chrome=76.0.3809.87)&#10;  (Driver info: chromedriver=2.41.578706 (5f725d1b4f0a4acbf5259df887244095596231db),platform=Mac OS X 10.13.4 x86_64) (WARNING: The server did not provide any stacktrace information)&#10;Command duration or timeout: 12 milliseconds&#10;For documentation on this error, please visit: http://seleniumhq.org/exceptions/no_such_element.html&#10;Build info: version: &apos;2.43.1&apos;, revision: &apos;5163bceef1bc36d43f3dc0b83c88998168a363a0&apos;, time: &apos;2014-09-10 09:43:55&apos;&#10;System info: host: &apos;Ranajit&apos;, ip: &apos;192.168.43.241&apos;, os.name: &apos;Mac OS X&apos;, os.arch: &apos;x86_64&apos;, os.version: &apos;10.13.4&apos;, java.version: &apos;1.8.0_101&apos;&#10;Driver info: org.openqa.selenium.chrome.ChromeDriver&#10;Capabilities [{mobileEmulationEnabled=false, hasTouchScreen=false, platform=MAC, acceptSslCerts=false, goog:chromeOptions={debuggerAddress=localhost:55673}, acceptInsecureCerts=false, webStorageEnabled=true, browserName=chrome, takesScreenshot=true, javascriptEnabled=true, setWindowRect=true, unexpectedAlertBehaviour=, applicationCacheEnabled=false, rotatable=false, networkConnectionEnabled=false, chrome={chromedriverVersion=2.41.578706 (5f725d1b4f0a4acbf5259df887244095596231db), userDataDir=/var/folders/2n/f356hh595rg06z9nwzgfqhj00000gn/T/.org.chromium.Chromium.Kugu3c}, takesHeapSnapshot=true, pageLoadStrategy=normal, databaseEnabled=false, handlesAlerts=true, version=76.0.3809.87, browserConnectionEnabled=false, nativeEvents=true, locationContextEnabled=true, cssSelectorsEnabled=true}]&#10;Session ID: ec373f428de0bf5d4889712129dfe418" type="org.openqa.selenium.NoSuchElementException">org.openqa.selenium.NoSuchElementException: 
no such element: Unable to locate element: {"method":"name","selector":"q"}
  (Session info: chrome=76.0.3809.87)
  (Driver info: chromedriver=2.41.578706 (5f725d1b4f0a4acbf5259df887244095596231db),platform=Mac OS X 10.13.4 x86_64) (WARNING: The server did not provide any stacktrace information)
Command duration or timeout: 12 milliseconds
For documentation on this error, please visit: http://seleniumhq.org/exceptions/no_such_element.html
Build info: version: '2.43.1', revision: '5163bceef1bc36d43f3dc0b83c88998168a363a0', time: '2014-09-10 09:43:55'
System info: host: 'Ranajit', ip: '192.168.43.241', os.name: 'Mac OS X', os.arch: 'x86_64', os.version: '10.13.4', java.version: '1.8.0_101'
Driver info: org.openqa.selenium.chrome.ChromeDriver
Capabilities [{mobileEmulationEnabled=false, hasTouchScreen=false, platform=MAC, acceptSslCerts=false, goog:chromeOptions={debuggerAddress=localhost:55673}, acceptInsecureCerts=false, webStorageEnabled=true, browserName=chrome, takesScreenshot=true, javascriptEnabled=true, setWindowRect=true, unexpectedAlertBehaviour=, applicationCacheEnabled=false, rotatable=false, networkConnectionEnabled=false, chrome={chromedriverVersion=2.41.578706 (5f725d1b4f0a4acbf5259df887244095596231db), userDataDir=/var/folders/2n/f356hh595rg06z9nwzgfqhj00000gn/T/.org.chromium.Chromium.Kugu3c}, takesHeapSnapshot=true, pageLoadStrategy=normal, databaseEnabled=false, handlesAlerts=true, version=76.0.3809.87, browserConnectionEnabled=false, nativeEvents=true, locationContextEnabled=true, cssSelectorsEnabled=true}]
Session ID: ec373f428de0bf5d4889712129dfe418
</error>
  </testcase>
  <testcase name="Then fork to all repo" classname="Scenario: Fork to all repo" time="0">
    <skipped/>
  </testcase>
</testsuite>